MSBuild version 17.9.8+b34f75857 for .NET Framework

  LMUFFB.vcxproj -> C:\dev\personal\LMUFFB\build\Release\LMUFFB.exe
  main_test_runner.cpp
  test_ffb_engine.cpp
  test_ffb_common.cpp
  test_ffb_core_physics.cpp
  test_ffb_slope_detection.cpp
  test_ffb_understeer.cpp
  test_ffb_smoothstep.cpp
  test_ffb_yaw_gyro.cpp
  test_ffb_coordinates.cpp
  test_ffb_features.cpp
C:\dev\personal\LMUFFB\tests\test_ffb_coordinates.cpp(27,10): error C2039: 'mLateralForceRearFrontRatio': is not a member of 'TelemInfoV01' [C:\dev\personal\LMUFFB\build\tests\run_combined_tests.vcxproj]
  C:\dev\personal\LMUFFB\src\lmu_sm_interface\InternalsPlugin.hpp(179,8):
  see declaration of 'TelemInfoV01'
  
C:\dev\personal\LMUFFB\tests\test_ffb_coordinates.cpp(78,10): error C2039: 'mLateralForceRearFrontRatio': is not a member of 'TelemInfoV01' [C:\dev\personal\LMUFFB\build\tests\run_combined_tests.vcxproj]
  C:\dev\personal\LMUFFB\src\lmu_sm_interface\InternalsPlugin.hpp(179,8):
  see declaration of 'TelemInfoV01'
  
  test_ffb_config.cpp
C:\dev\personal\LMUFFB\tests\test_ffb_config.cpp(26,13): error C2664: 'void Config::ApplyPreset(int,FFBEngine &)': cannot convert argument 1 from 'FFBEngine' to 'int' [C:\dev\personal\LMUFFB\build\tests\run_combined_tests.vcxproj]
  C:\dev\personal\LMUFFB\tests\test_ffb_config.cpp(26,25):
  No user-defined-conversion operator available that can perform this conversion, or the operator cannot be called
  C:\dev\personal\LMUFFB\src\Config.h(388,17):
  see declaration of 'Config::ApplyPreset'
  C:\dev\personal\LMUFFB\tests\test_ffb_config.cpp(26,13):
  while trying to match the argument list '(FFBEngine, const char [15])'
  
C:\dev\personal\LMUFFB\tests\test_ffb_config.cpp(41,5): error C2039: 'm_always_on_top': is not a member of 'FFBEngine' [C:\dev\personal\LMUFFB\build\tests\run_combined_tests.vcxproj]
  C:\dev\personal\LMUFFB\src\FFBEngine.h(220,7):
  see declaration of 'FFBEngine'
  
  test_ffb_slip_grip.cpp
C:\dev\personal\LMUFFB\tests\test_ffb_slip_grip.cpp(26,5): error C2039: 'FL_load': is not a member of 'FFBSnapshot' [C:\dev\personal\LMUFFB\build\tests\run_combined_tests.vcxproj]
  C:\dev\personal\LMUFFB\src\FFBEngine.h(65,8):
  see declaration of 'FFBSnapshot'
  
C:\dev\personal\LMUFFB\tests\test_ffb_slip_grip.cpp(26,5): error C2039: 'FR_load': is not a member of 'FFBSnapshot' [C:\dev\personal\LMUFFB\build\tests\run_combined_tests.vcxproj]
  C:\dev\personal\LMUFFB\src\FFBEngine.h(65,8):
  see declaration of 'FFBSnapshot'
  
C:\dev\personal\LMUFFB\tests\test_ffb_slip_grip.cpp(50,5): error C2039: 'rear_torque': is not a member of 'FFBSnapshot' [C:\dev\personal\LMUFFB\build\tests\run_combined_tests.vcxproj]
  C:\dev\personal\LMUFFB\src\FFBEngine.h(65,8):
  see declaration of 'FFBSnapshot'
  
C:\dev\personal\LMUFFB\tests\test_ffb_slip_grip.cpp(63,5): error C2039: 'rear_torque': is not a member of 'FFBSnapshot' [C:\dev\personal\LMUFFB\build\tests\run_combined_tests.vcxproj]
  C:\dev\personal\LMUFFB\src\FFBEngine.h(65,8):
  see declaration of 'FFBSnapshot'
  
C:\dev\personal\LMUFFB\tests\test_ffb_slip_grip.cpp(87,5): error C2039: 'load_factor': is not a member of 'FFBSnapshot' [C:\dev\personal\LMUFFB\build\tests\run_combined_tests.vcxproj]
  C:\dev\personal\LMUFFB\src\FFBEngine.h(65,8):
  see declaration of 'FFBSnapshot'
  
C:\dev\personal\LMUFFB\tests\test_ffb_slip_grip.cpp(97,5): error C2039: 'HasWarnings': is not a member of 'FFBEngine' [C:\dev\personal\LMUFFB\build\tests\run_combined_tests.vcxproj]
  C:\dev\personal\LMUFFB\src\FFBEngine.h(220,7):
  see declaration of 'FFBEngine'
  
C:\dev\personal\LMUFFB\tests\test_ffb_slip_grip.cpp(107,5): error C2039: 'HasWarnings': is not a member of 'FFBEngine' [C:\dev\personal\LMUFFB\build\tests\run_combined_tests.vcxproj]
  C:\dev\personal\LMUFFB\src\FFBEngine.h(220,7):
  see declaration of 'FFBEngine'
  
  test_ffb_internal.cpp
C:\dev\personal\LMUFFB\tests\test_ffb_internal.cpp(39,10): error C2039: 'mInRealtime': is not a member of 'TelemInfoV01' [C:\dev\personal\LMUFFB\build\tests\run_combined_tests.vcxproj]
  C:\dev\personal\LMUFFB\src\lmu_sm_interface\InternalsPlugin.hpp(179,8):
  see declaration of 'TelemInfoV01'
  
C:\dev\personal\LMUFFB\tests\test_ffb_internal.cpp(40,5): error C2039: 'is_game_active': is not a member of 'FFBEngine' [C:\dev\personal\LMUFFB\build\tests\run_combined_tests.vcxproj]
  C:\dev\personal\LMUFFB\src\FFBEngine.h(220,7):
  see declaration of 'FFBEngine'
  
C:\dev\personal\LMUFFB\tests\test_ffb_internal.cpp(112,5): error C2065: 'NotchFilter': undeclared identifier [C:\dev\personal\LMUFFB\build\tests\run_combined_tests.vcxproj]
C:\dev\personal\LMUFFB\tests\test_ffb_internal.cpp(112,17): error C2146: syntax error: missing ';' before identifier 'filter' [C:\dev\personal\LMUFFB\build\tests\run_combined_tests.vcxproj]
C:\dev\personal\LMUFFB\tests\test_ffb_internal.cpp(112,17): error C2065: 'filter': undeclared identifier [C:\dev\personal\LMUFFB\build\tests\run_combined_tests.vcxproj]
C:\dev\personal\LMUFFB\tests\test_ffb_internal.cpp(113,5): error C2065: 'filter': undeclared identifier [C:\dev\personal\LMUFFB\build\tests\run_combined_tests.vcxproj]
C:\dev\personal\LMUFFB\tests\test_ffb_internal.cpp(119,5): error C2065: 'FrequencyEstimator': undeclared identifier [C:\dev\personal\LMUFFB\build\tests\run_combined_tests.vcxproj]
C:\dev\personal\LMUFFB\tests\test_ffb_internal.cpp(119,24): error C2146: syntax error: missing ';' before identifier 'est' [C:\dev\personal\LMUFFB\build\tests\run_combined_tests.vcxproj]
C:\dev\personal\LMUFFB\tests\test_ffb_internal.cpp(119,24): error C2065: 'est': undeclared identifier [C:\dev\personal\LMUFFB\build\tests\run_combined_tests.vcxproj]
C:\dev\personal\LMUFFB\tests\test_ffb_internal.cpp(120,35): error C2065: 'est': undeclared identifier [C:\dev\personal\LMUFFB\build\tests\run_combined_tests.vcxproj]
C:\dev\personal\LMUFFB\tests\test_ffb_internal.cpp(121,5): error C2065: 'est': undeclared identifier [C:\dev\personal\LMUFFB\build\tests\run_combined_tests.vcxproj]
C:\dev\personal\LMUFFB\tests\test_ffb_internal.cpp(142,5): error C2039: 'm_lat_g_smoothed': is not a member of 'FFBEngine' [C:\dev\personal\LMUFFB\build\tests\run_combined_tests.vcxproj]
  C:\dev\personal\LMUFFB\src\FFBEngine.h(220,7):
  see declaration of 'FFBEngine'
  
  test_persistence_v0625.cpp
  test_persistence_v0628.cpp
  Config.cpp
  test_windows_platform.cpp
  test_screenshot.cpp
  test_gui_interaction.cpp
  DirectInputFFB.cpp
  Generating Code...
  Compiling...
  GuiLayer.cpp
  GameConnector.cpp
  imgui.cpp
  imgui_demo.cpp
  imgui_draw.cpp
  imgui_tables.cpp
  imgui_widgets.cpp
  imgui_impl_win32.cpp
  imgui_impl_dx11.cpp
  Generating Code...
